<?xml version="1.0" encoding="UTF-8"?>
<!-- Generated by org.testng.reporters.JUnitXMLReporter -->
<testsuite ignored="0" hostname="HARI" failures="0" tests="4" name="Chrome Test" time="30.96" errors="0" timestamp="2025-07-22T12:17:18 IST">
  <testcase classname="TestClasses.LoginPageTestClass" name="verifySuccessfulLogin" time="10.551"/>
  <testcase classname="TestClasses.LoginPageTestClass" name="verifyUnsuccessfulLogin" time="1.149"/>
  <testcase classname="TestClasses.LoginPageTestClass" name="verifyUnsuccessfulLogin" time="0.994"/>
  <testcase classname="TestClasses.LoginPageTestClass" name="verifyUnsuccessfulLogin" time="1.07"/>
</testsuite> <!-- Chrome Test -->
