<?xml version="1.0" encoding="UTF-8"?>
<!-- Generated by org.testng.reporters.JUnitXMLReporter -->
<testsuite ignored="0" hostname="HARI" failures="0" tests="4" name="Chrome Test" time="31.235" errors="0" timestamp="2025-07-16T14:39:38 IST">
  <testcase classname="TestClasses.LoginPageTestClass" name="verifySuccessfulLogin" time="10.978"/>
  <testcase classname="TestClasses.LoginPageTestClass" name="verifyUnsuccessfulLogin" time="1.031"/>
  <testcase classname="TestClasses.LoginPageTestClass" name="verifyUnsuccessfulLogin" time="0.999"/>
  <testcase classname="TestClasses.LoginPageTestClass" name="verifyUnsuccessfulLogin" time="0.971"/>
</testsuite> <!-- Chrome Test -->
