<?xml version="1.0" encoding="UTF-8"?>
<!-- Generated by org.testng.reporters.JUnitXMLReporter -->
<testsuite ignored="0" hostname="HARI" failures="0" tests="4" name="Edge Test" time="27.863" errors="0" timestamp="2025-07-22T12:17:46 IST">
  <testcase classname="TestClasses.LoginPageTestClass" name="verifySuccessfulLogin" time="7.239"/>
  <testcase classname="TestClasses.LoginPageTestClass" name="verifyUnsuccessfulLogin" time="0.827"/>
  <testcase classname="TestClasses.LoginPageTestClass" name="verifyUnsuccessfulLogin" time="0.803"/>
  <testcase classname="TestClasses.LoginPageTestClass" name="verifyUnsuccessfulLogin" time="0.786"/>
</testsuite> <!-- Edge Test -->
