<?xml version="1.0" encoding="UTF-8"?>
<!-- Generated by org.testng.reporters.JUnitXMLReporter -->
<testsuite ignored="0" hostname="HARI" failures="0" tests="4" name="Edge Test" time="35.512" errors="0" timestamp="2025-07-16T14:40:14 IST">
  <testcase classname="TestClasses.LoginPageTestClass" name="verifySuccessfulLogin" time="7.881"/>
  <testcase classname="TestClasses.LoginPageTestClass" name="verifyUnsuccessfulLogin" time="1.15"/>
  <testcase classname="TestClasses.LoginPageTestClass" name="verifyUnsuccessfulLogin" time="1.05"/>
  <testcase classname="TestClasses.LoginPageTestClass" name="verifyUnsuccessfulLogin" time="1.208"/>
</testsuite> <!-- Edge Test -->
