<?xml version="1.0" encoding="UTF-8"?>
<!-- Generated by org.testng.reporters.JUnitXMLReporter -->
<testsuite ignored="7" hostname="HARI" failures="0" tests="2" name="Test" time="41.464" errors="0" timestamp="2025-07-16T14:13:40 IST">
  <testcase classname="TestClasses.DashBoardTestClass" name="verifyLogo" time="9.739"/>
  <testcase classname="TestClasses.DashBoardTestClass" name="verifySidebarMenuExpandsOnClick" time="17.092"/>
  <testcase classname="TestClasses.LoginPageTestClass" name="verifyUnsuccessfulLogin" time="0.0">
    <ignored/>
  </testcase> <!-- verifyUnsuccessfulLogin -->
  <testcase classname="Base.BaseClass" name="@BeforeSuite createReport" time="0.0">
    <ignored/>
  </testcase> <!-- @BeforeSuite createReport -->
  <testcase classname="TestClasses.LoginPageTestClass" name="verifySuccessfulLogin" time="0.0">
    <ignored/>
  </testcase> <!-- verifySuccessfulLogin -->
  <testcase classname="TestClasses.DashBoardTestClass" name="verifyDashboardURL" time="0.0">
    <ignored/>
  </testcase> <!-- verifyDashboardURL -->
  <testcase classname="TestClasses.DashBoardTestClass" name="verifyPageTitle" time="0.0">
    <ignored/>
  </testcase> <!-- verifyPageTitle -->
  <testcase classname="TestClasses.DashBoardTestClass" name="verifyDashboardMenuExpandsOnClick" time="0.0">
    <ignored/>
  </testcase> <!-- verifyDashboardMenuExpandsOnClick -->
  <testcase classname="TestClasses.DashBoardTestClass" name="verifyTheTooltipTerminationIsShowingWhileHoveringMouseOnElement" time="0.0">
    <ignored/>
  </testcase> <!-- verifyTheTooltipTerminationIsShowingWhileHoveringMouseOnElement -->
</testsuite> <!-- Test -->
