<?xml version="1.0" encoding="UTF-8"?>
<!-- Generated by org.testng.reporters.JUnitXMLReporter -->
<testsuite ignored="3" hostname="HARI" failures="0" tests="14" name="Test" time="150.92" errors="0" timestamp="2025-07-15T18:47:01 IST">
  <testcase classname="TestClasses.TaskTestClass" name="verifyToImportTask" time="12.306"/>
  <testcase classname="TestClasses.TaskTestClass" name="verifyToCreateNewTask" time="14.754"/>
  <testcase classname="TestClasses.TerminationTestClass" name="verifyToAddTermination" time="14.267"/>
  <testcase classname="TestClasses.TerminationTestClass" name="verifyToDeleteTermination" time="9.227"/>
  <testcase classname="TestClasses.LoginPageTestClass" name="verifySuccessfulLogin" time="6.256"/>
  <testcase classname="TestClasses.LoginPageTestClass" name="verifyUnsuccessfulLogin" time="0.895"/>
  <testcase classname="TestClasses.LoginPageTestClass" name="verifyUnsuccessfulLogin" time="0.89"/>
  <testcase classname="TestClasses.LoginPageTestClass" name="verifyUnsuccessfulLogin" time="0.838"/>
  <testcase classname="TestClasses.DashBoardTestClass" name="verifyPageTitle" time="6.027"/>
  <testcase classname="TestClasses.DashBoardTestClass" name="verifyDashboardURL" time="6.535"/>
  <testcase classname="TestClasses.DashBoardTestClass" name="verifyLogo" time="5.964"/>
  <testcase classname="TestClasses.DashBoardTestClass" name="verifySidebarMenuExpandsOnClick" time="13.116"/>
  <testcase classname="TestClasses.DashBoardTestClass" name="verifyDashboardMenuExpandsOnClick" time="10.323"/>
  <testcase classname="TestClasses.DashBoardTestClass" name="verifyTheTooltipTerminationIsShowingWhileHoveringMouseOnElement" time="7.295"/>
  <testcase classname="Base.BaseClass" name="@BeforeSuite createReport" time="0.0">
    <ignored/>
  </testcase> <!-- @BeforeSuite createReport -->
  <testcase classname="Base.BaseClass" name="@BeforeSuite createReport" time="0.0">
    <ignored/>
  </testcase> <!-- @BeforeSuite createReport -->
  <testcase classname="Base.BaseClass" name="@BeforeSuite createReport" time="0.0">
    <ignored/>
  </testcase> <!-- @BeforeSuite createReport -->
</testsuite> <!-- Test -->
