<?xml version="1.0" encoding="UTF-8"?>
<!-- Generated by org.testng.reporters.JUnitXMLReporter -->
<testsuite ignored="3" hostname="HARI" failures="0" tests="14" name="Test" time="163.604" errors="0" timestamp="2025-07-17T13:03:14 IST">
  <testcase classname="TestClasses.TaskTestClass" name="verifyToImportTask" time="16.238"/>
  <testcase classname="TestClasses.TaskTestClass" name="verifyToCreateNewTask" time="16.442"/>
  <testcase classname="TestClasses.TerminationTestClass" name="verifyToAddTermination" time="13.563"/>
  <testcase classname="TestClasses.TerminationTestClass" name="verifyToDeleteTermination" time="10.502"/>
  <testcase classname="TestClasses.LoginPageTestClass" name="verifySuccessfulLogin" time="6.782"/>
  <testcase classname="TestClasses.LoginPageTestClass" name="verifyUnsuccessfulLogin" time="0.911"/>
  <testcase classname="TestClasses.LoginPageTestClass" name="verifyUnsuccessfulLogin" time="0.898"/>
  <testcase classname="TestClasses.LoginPageTestClass" name="verifyUnsuccessfulLogin" time="0.845"/>
  <testcase classname="TestClasses.DashBoardTestClass" name="verifyPageTitle" time="6.925"/>
  <testcase classname="TestClasses.DashBoardTestClass" name="verifyDashboardURL" time="6.251"/>
  <testcase classname="TestClasses.DashBoardTestClass" name="verifyLogo" time="7.085"/>
  <testcase classname="TestClasses.DashBoardTestClass" name="verifySidebarMenuExpandsOnClick" time="12.892"/>
  <testcase classname="TestClasses.DashBoardTestClass" name="verifyDashboardMenuExpandsOnClick" time="10.822"/>
  <testcase classname="TestClasses.DashBoardTestClass" name="verifyTheTooltipTerminationIsShowingWhileHoveringMouseOnElement" time="8.128"/>
  <testcase classname="Base.BaseClass" name="@BeforeSuite createReport" time="0.0">
    <ignored/>
  </testcase> <!-- @BeforeSuite createReport -->
  <testcase classname="Base.BaseClass" name="@BeforeSuite createReport" time="0.0">
    <ignored/>
  </testcase> <!-- @BeforeSuite createReport -->
  <testcase classname="Base.BaseClass" name="@BeforeSuite createReport" time="0.0">
    <ignored/>
  </testcase> <!-- @BeforeSuite createReport -->
</testsuite> <!-- Test -->
