<?xml version="1.0" encoding="UTF-8"?>
<!-- Generated by org.testng.reporters.JUnitXMLReporter -->
<testsuite ignored="1" hostname="HARI" failures="0" tests="1" name="Default test" time="32.055" errors="0" timestamp="2025-07-16T12:46:26 IST">
  <testcase classname="TestClasses.TaskTestClass" name="verifyToImportTask" time="24.356"/>
  <testcase classname="TestClasses.TaskTestClass" name="verifyToCreateNewTask" time="0.0">
    <ignored/>
  </testcase> <!-- verifyToCreateNewTask -->
</testsuite> <!-- Default test -->
