<?xml version="1.0" encoding="UTF-8"?>
<!-- Generated by org.testng.reporters.JUnitXMLReporter -->
<testsuite ignored="1" hostname="HARI" failures="0" tests="1" name="Default test" time="31.691" errors="0" timestamp="2025-07-11T16:53:37 IST">
  <testcase classname="TestClasses.TaskTestClass" name="verifyToCreateNewTask" time="22.75"/>
  <testcase classname="TestClasses.TaskTestClass" name="verifyToImportTask" time="0.0">
    <ignored/>
  </testcase> <!-- verifyToImportTask -->
</testsuite> <!-- Default test -->
