<?xml version="1.0" encoding="UTF-8"?>
<testng-results ignored="0" total="8" passed="8" failed="0" skipped="0">
  <reporter-output>
  </reporter-output>
  <suite started-at="2025-07-16T14:39:07 IST" name="CrossBrowserSuite" finished-at="2025-07-16T14:40:14 IST" duration-ms="66901">
    <groups>
      <group name="Group 1">
        <method signature="LoginPageTestClass.verifySuccessfulLogin()[pri:1, instance:TestClasses.LoginPageTestClass@1a677343]" name="verifySuccessfulLogin" class="TestClasses.LoginPageTestClass"/>
        <method signature="LoginPageTestClass.verifySuccessfulLogin()[pri:1, instance:TestClasses.LoginPageTestClass@6a2f6f80]" name="verifySuccessfulLogin" class="TestClasses.LoginPageTestClass"/>
      </group> <!-- Group 1 -->
    </groups>
    <test started-at="2025-07-16T14:39:07 IST" name="Chrome Test" finished-at="2025-07-16T14:39:38 IST" duration-ms="31235">
      <class name="TestClasses.LoginPageTestClass">
        <test-method is-config="true" signature="beforeMethod(java.lang.String)[pri:0, instance:TestClasses.LoginPageTestClass@1a677343]" started-at="2025-07-16T14:39:07 IST" name="beforeMethod" finished-at="2025-07-16T14:39:13 IST" duration-ms="5643" status="PASS">
          <params>
            <param index="0">
              <value>
                <![CDATA[chrome]]>
              </value>
            </param>
          </params>
          <reporter-output>
          </reporter-output>
        </test-method> <!-- beforeMethod -->
        <test-method signature="verifySuccessfulLogin()[pri:1, instance:TestClasses.LoginPageTestClass@1a677343]" started-at="2025-07-16T14:39:13 IST" name="verifySuccessfulLogin" finished-at="2025-07-16T14:39:24 IST" duration-ms="10978" status="PASS">
          <reporter-output>
          </reporter-output>
        </test-method> <!-- verifySuccessfulLogin -->
        <test-method is-config="true" signature="afterMethod()[pri:0, instance:TestClasses.LoginPageTestClass@1a677343]" started-at="2025-07-16T14:39:24 IST" name="afterMethod" finished-at="2025-07-16T14:39:24 IST" duration-ms="611" status="PASS">
          <reporter-output>
          </reporter-output>
        </test-method> <!-- afterMethod -->
        <test-method is-config="true" signature="beforeMethod(java.lang.String)[pri:0, instance:TestClasses.LoginPageTestClass@1a677343]" started-at="2025-07-16T14:39:25 IST" name="beforeMethod" finished-at="2025-07-16T14:39:28 IST" duration-ms="3356" status="PASS">
          <params>
            <param index="0">
              <value>
                <![CDATA[chrome]]>
              </value>
            </param>
          </params>
          <reporter-output>
          </reporter-output>
        </test-method> <!-- beforeMethod -->
        <test-method signature="verifyUnsuccessfulLogin(java.lang.String,java.lang.String)[pri:2, instance:TestClasses.LoginPageTestClass@1a677343]" started-at="2025-07-16T14:39:28 IST" name="verifyUnsuccessfulLogin" data-provider="unSuccessfulLogin" finished-at="2025-07-16T14:39:29 IST" duration-ms="1031" status="PASS">
          <params>
            <param index="0">
              <value>
                <![CDATA[admin]]>
              </value>
            </param>
            <param index="1">
              <value>
                <![CDATA[1234567]]>
              </value>
            </param>
          </params>
          <reporter-output>
          </reporter-output>
        </test-method> <!-- verifyUnsuccessfulLogin -->
        <test-method is-config="true" signature="afterMethod()[pri:0, instance:TestClasses.LoginPageTestClass@1a677343]" started-at="2025-07-16T14:39:29 IST" name="afterMethod" finished-at="2025-07-16T14:39:30 IST" duration-ms="403" status="PASS">
          <reporter-output>
          </reporter-output>
        </test-method> <!-- afterMethod -->
        <test-method is-config="true" signature="beforeMethod(java.lang.String)[pri:0, instance:TestClasses.LoginPageTestClass@1a677343]" started-at="2025-07-16T14:39:30 IST" name="beforeMethod" finished-at="2025-07-16T14:39:32 IST" duration-ms="2789" status="PASS">
          <params>
            <param index="0">
              <value>
                <![CDATA[chrome]]>
              </value>
            </param>
          </params>
          <reporter-output>
          </reporter-output>
        </test-method> <!-- beforeMethod -->
        <test-method signature="verifyUnsuccessfulLogin(java.lang.String,java.lang.String)[pri:2, instance:TestClasses.LoginPageTestClass@1a677343]" started-at="2025-07-16T14:39:32 IST" name="verifyUnsuccessfulLogin" data-provider="unSuccessfulLogin" finished-at="2025-07-16T14:39:33 IST" duration-ms="999" status="PASS">
          <params>
            <param index="0">
              <value>
                <![CDATA[adminn]]>
              </value>
            </param>
            <param index="1">
              <value>
                <![CDATA[123456]]>
              </value>
            </param>
          </params>
          <reporter-output>
          </reporter-output>
        </test-method> <!-- verifyUnsuccessfulLogin -->
        <test-method is-config="true" signature="afterMethod()[pri:0, instance:TestClasses.LoginPageTestClass@1a677343]" started-at="2025-07-16T14:39:33 IST" name="afterMethod" finished-at="2025-07-16T14:39:34 IST" duration-ms="338" status="PASS">
          <reporter-output>
          </reporter-output>
        </test-method> <!-- afterMethod -->
        <test-method is-config="true" signature="beforeMethod(java.lang.String)[pri:0, instance:TestClasses.LoginPageTestClass@1a677343]" started-at="2025-07-16T14:39:34 IST" name="beforeMethod" finished-at="2025-07-16T14:39:37 IST" duration-ms="2943" status="PASS">
          <params>
            <param index="0">
              <value>
                <![CDATA[chrome]]>
              </value>
            </param>
          </params>
          <reporter-output>
          </reporter-output>
        </test-method> <!-- beforeMethod -->
        <test-method signature="verifyUnsuccessfulLogin(java.lang.String,java.lang.String)[pri:2, instance:TestClasses.LoginPageTestClass@1a677343]" started-at="2025-07-16T14:39:37 IST" name="verifyUnsuccessfulLogin" data-provider="unSuccessfulLogin" finished-at="2025-07-16T14:39:38 IST" duration-ms="971" status="PASS">
          <params>
            <param index="0">
              <value>
                <![CDATA[adminn]]>
              </value>
            </param>
            <param index="1">
              <value>
                <![CDATA[1234567]]>
              </value>
            </param>
          </params>
          <reporter-output>
          </reporter-output>
        </test-method> <!-- verifyUnsuccessfulLogin -->
        <test-method is-config="true" signature="afterMethod()[pri:0, instance:TestClasses.LoginPageTestClass@1a677343]" started-at="2025-07-16T14:39:38 IST" name="afterMethod" finished-at="2025-07-16T14:39:38 IST" duration-ms="465" status="PASS">
          <reporter-output>
          </reporter-output>
        </test-method> <!-- afterMethod -->
      </class> <!-- TestClasses.LoginPageTestClass -->
    </test> <!-- Chrome Test -->
    <test started-at="2025-07-16T14:39:38 IST" name="Edge Test" finished-at="2025-07-16T14:40:14 IST" duration-ms="35512">
      <class name="TestClasses.LoginPageTestClass">
        <test-method is-config="true" signature="createReport()[pri:0, instance:TestClasses.LoginPageTestClass@6a2f6f80]" started-at="2025-07-16T14:39:06 IST" name="createReport" finished-at="2025-07-16T14:39:07 IST" duration-ms="846" status="PASS">
          <reporter-output>
          </reporter-output>
        </test-method> <!-- createReport -->
        <test-method is-config="true" signature="beforeMethod(java.lang.String)[pri:0, instance:TestClasses.LoginPageTestClass@6a2f6f80]" started-at="2025-07-16T14:39:38 IST" name="beforeMethod" finished-at="2025-07-16T14:39:43 IST" duration-ms="4814" status="PASS">
          <params>
            <param index="0">
              <value>
                <![CDATA[edge]]>
              </value>
            </param>
          </params>
          <reporter-output>
          </reporter-output>
        </test-method> <!-- beforeMethod -->
        <test-method signature="verifySuccessfulLogin()[pri:1, instance:TestClasses.LoginPageTestClass@6a2f6f80]" started-at="2025-07-16T14:39:43 IST" name="verifySuccessfulLogin" finished-at="2025-07-16T14:39:51 IST" duration-ms="7881" status="PASS">
          <reporter-output>
          </reporter-output>
        </test-method> <!-- verifySuccessfulLogin -->
        <test-method is-config="true" signature="afterMethod()[pri:0, instance:TestClasses.LoginPageTestClass@6a2f6f80]" started-at="2025-07-16T14:39:51 IST" name="afterMethod" finished-at="2025-07-16T14:39:53 IST" duration-ms="1605" status="PASS">
          <reporter-output>
          </reporter-output>
        </test-method> <!-- afterMethod -->
        <test-method is-config="true" signature="beforeMethod(java.lang.String)[pri:0, instance:TestClasses.LoginPageTestClass@6a2f6f80]" started-at="2025-07-16T14:39:53 IST" name="beforeMethod" finished-at="2025-07-16T14:39:57 IST" duration-ms="4221" status="PASS">
          <params>
            <param index="0">
              <value>
                <![CDATA[edge]]>
              </value>
            </param>
          </params>
          <reporter-output>
          </reporter-output>
        </test-method> <!-- beforeMethod -->
        <test-method signature="verifyUnsuccessfulLogin(java.lang.String,java.lang.String)[pri:2, instance:TestClasses.LoginPageTestClass@6a2f6f80]" started-at="2025-07-16T14:39:57 IST" name="verifyUnsuccessfulLogin" data-provider="unSuccessfulLogin" finished-at="2025-07-16T14:39:58 IST" duration-ms="1150" status="PASS">
          <params>
            <param index="0">
              <value>
                <![CDATA[admin]]>
              </value>
            </param>
            <param index="1">
              <value>
                <![CDATA[1234567]]>
              </value>
            </param>
          </params>
          <reporter-output>
          </reporter-output>
        </test-method> <!-- verifyUnsuccessfulLogin -->
        <test-method is-config="true" signature="afterMethod()[pri:0, instance:TestClasses.LoginPageTestClass@6a2f6f80]" started-at="2025-07-16T14:39:58 IST" name="afterMethod" finished-at="2025-07-16T14:40:00 IST" duration-ms="1468" status="PASS">
          <reporter-output>
          </reporter-output>
        </test-method> <!-- afterMethod -->
        <test-method is-config="true" signature="beforeMethod(java.lang.String)[pri:0, instance:TestClasses.LoginPageTestClass@6a2f6f80]" started-at="2025-07-16T14:40:00 IST" name="beforeMethod" finished-at="2025-07-16T14:40:04 IST" duration-ms="4466" status="PASS">
          <params>
            <param index="0">
              <value>
                <![CDATA[edge]]>
              </value>
            </param>
          </params>
          <reporter-output>
          </reporter-output>
        </test-method> <!-- beforeMethod -->
        <test-method signature="verifyUnsuccessfulLogin(java.lang.String,java.lang.String)[pri:2, instance:TestClasses.LoginPageTestClass@6a2f6f80]" started-at="2025-07-16T14:40:04 IST" name="verifyUnsuccessfulLogin" data-provider="unSuccessfulLogin" finished-at="2025-07-16T14:40:05 IST" duration-ms="1050" status="PASS">
          <params>
            <param index="0">
              <value>
                <![CDATA[adminn]]>
              </value>
            </param>
            <param index="1">
              <value>
                <![CDATA[123456]]>
              </value>
            </param>
          </params>
          <reporter-output>
          </reporter-output>
        </test-method> <!-- verifyUnsuccessfulLogin -->
        <test-method is-config="true" signature="afterMethod()[pri:0, instance:TestClasses.LoginPageTestClass@6a2f6f80]" started-at="2025-07-16T14:40:05 IST" name="afterMethod" finished-at="2025-07-16T14:40:07 IST" duration-ms="1228" status="PASS">
          <reporter-output>
          </reporter-output>
        </test-method> <!-- afterMethod -->
        <test-method is-config="true" signature="beforeMethod(java.lang.String)[pri:0, instance:TestClasses.LoginPageTestClass@6a2f6f80]" started-at="2025-07-16T14:40:07 IST" name="beforeMethod" finished-at="2025-07-16T14:40:11 IST" duration-ms="4355" status="PASS">
          <params>
            <param index="0">
              <value>
                <![CDATA[edge]]>
              </value>
            </param>
          </params>
          <reporter-output>
          </reporter-output>
        </test-method> <!-- beforeMethod -->
        <test-method signature="verifyUnsuccessfulLogin(java.lang.String,java.lang.String)[pri:2, instance:TestClasses.LoginPageTestClass@6a2f6f80]" started-at="2025-07-16T14:40:11 IST" name="verifyUnsuccessfulLogin" data-provider="unSuccessfulLogin" finished-at="2025-07-16T14:40:12 IST" duration-ms="1208" status="PASS">
          <params>
            <param index="0">
              <value>
                <![CDATA[adminn]]>
              </value>
            </param>
            <param index="1">
              <value>
                <![CDATA[1234567]]>
              </value>
            </param>
          </params>
          <reporter-output>
          </reporter-output>
        </test-method> <!-- verifyUnsuccessfulLogin -->
        <test-method is-config="true" signature="afterMethod()[pri:0, instance:TestClasses.LoginPageTestClass@6a2f6f80]" started-at="2025-07-16T14:40:12 IST" name="afterMethod" finished-at="2025-07-16T14:40:14 IST" duration-ms="1632" status="PASS">
          <reporter-output>
          </reporter-output>
        </test-method> <!-- afterMethod -->
      </class> <!-- TestClasses.LoginPageTestClass -->
    </test> <!-- Edge Test -->
  </suite> <!-- CrossBrowserSuite -->
</testng-results>
