<?xml version="1.0" encoding="UTF-8"?>
<testng-results ignored="0" total="14" passed="14" failed="0" skipped="0">
  <reporter-output>
  </reporter-output>
  <suite started-at="2025-07-15T18:44:29 IST" name="TestSuite" finished-at="2025-07-15T18:47:00 IST" duration-ms="150920">
    <groups>
    </groups>
    <test started-at="2025-07-15T18:44:29 IST" name="Test" finished-at="2025-07-15T18:47:00 IST" duration-ms="150920">
      <class name="TestClasses.LoginPageTestClass">
        <test-method is-config="true" signature="beforeMethod()[pri:0, instance:TestClasses.LoginPageTestClass@2663e964]" started-at="2025-07-15T18:45:34 IST" name="beforeMethod" finished-at="2025-07-15T18:45:36 IST" duration-ms="2531" status="PASS">
          <reporter-output>
          </reporter-output>
        </test-method> <!-- beforeMethod -->
        <test-method signature="verifySuccessfulLogin()[pri:1, instance:TestClasses.LoginPageTestClass@2663e964]" started-at="2025-07-15T18:45:36 IST" name="verifySuccessfulLogin" finished-at="2025-07-15T18:45:43 IST" duration-ms="6256" status="PASS">
          <reporter-output>
          </reporter-output>
        </test-method> <!-- verifySuccessfulLogin -->
        <test-method is-config="true" signature="afterMethod()[pri:0, instance:TestClasses.LoginPageTestClass@2663e964]" started-at="2025-07-15T18:45:43 IST" name="afterMethod" finished-at="2025-07-15T18:45:43 IST" duration-ms="400" status="PASS">
          <reporter-output>
          </reporter-output>
        </test-method> <!-- afterMethod -->
        <test-method is-config="true" signature="beforeMethod()[pri:0, instance:TestClasses.LoginPageTestClass@2663e964]" started-at="2025-07-15T18:45:43 IST" name="beforeMethod" finished-at="2025-07-15T18:45:45 IST" duration-ms="2331" status="PASS">
          <reporter-output>
          </reporter-output>
        </test-method> <!-- beforeMethod -->
        <test-method signature="verifyUnsuccessfulLogin(java.lang.String,java.lang.String)[pri:2, instance:TestClasses.LoginPageTestClass@2663e964]" started-at="2025-07-15T18:45:45 IST" name="verifyUnsuccessfulLogin" data-provider="unSuccessfulLogin" finished-at="2025-07-15T18:45:46 IST" duration-ms="895" status="PASS">
          <params>
            <param index="0">
              <value>
                <![CDATA[admin]]>
              </value>
            </param>
            <param index="1">
              <value>
                <![CDATA[1234567]]>
              </value>
            </param>
          </params>
          <reporter-output>
          </reporter-output>
        </test-method> <!-- verifyUnsuccessfulLogin -->
        <test-method is-config="true" signature="afterMethod()[pri:0, instance:TestClasses.LoginPageTestClass@2663e964]" started-at="2025-07-15T18:45:46 IST" name="afterMethod" finished-at="2025-07-15T18:45:47 IST" duration-ms="372" status="PASS">
          <reporter-output>
          </reporter-output>
        </test-method> <!-- afterMethod -->
        <test-method is-config="true" signature="beforeMethod()[pri:0, instance:TestClasses.LoginPageTestClass@2663e964]" started-at="2025-07-15T18:45:47 IST" name="beforeMethod" finished-at="2025-07-15T18:45:49 IST" duration-ms="2251" status="PASS">
          <reporter-output>
          </reporter-output>
        </test-method> <!-- beforeMethod -->
        <test-method signature="verifyUnsuccessfulLogin(java.lang.String,java.lang.String)[pri:2, instance:TestClasses.LoginPageTestClass@2663e964]" started-at="2025-07-15T18:45:49 IST" name="verifyUnsuccessfulLogin" data-provider="unSuccessfulLogin" finished-at="2025-07-15T18:45:50 IST" duration-ms="890" status="PASS">
          <params>
            <param index="0">
              <value>
                <![CDATA[adminn]]>
              </value>
            </param>
            <param index="1">
              <value>
                <![CDATA[123456]]>
              </value>
            </param>
          </params>
          <reporter-output>
          </reporter-output>
        </test-method> <!-- verifyUnsuccessfulLogin -->
        <test-method is-config="true" signature="afterMethod()[pri:0, instance:TestClasses.LoginPageTestClass@2663e964]" started-at="2025-07-15T18:45:50 IST" name="afterMethod" finished-at="2025-07-15T18:45:50 IST" duration-ms="305" status="PASS">
          <reporter-output>
          </reporter-output>
        </test-method> <!-- afterMethod -->
        <test-method is-config="true" signature="beforeMethod()[pri:0, instance:TestClasses.LoginPageTestClass@2663e964]" started-at="2025-07-15T18:45:50 IST" name="beforeMethod" finished-at="2025-07-15T18:45:52 IST" duration-ms="2112" status="PASS">
          <reporter-output>
          </reporter-output>
        </test-method> <!-- beforeMethod -->
        <test-method signature="verifyUnsuccessfulLogin(java.lang.String,java.lang.String)[pri:2, instance:TestClasses.LoginPageTestClass@2663e964]" started-at="2025-07-15T18:45:52 IST" name="verifyUnsuccessfulLogin" data-provider="unSuccessfulLogin" finished-at="2025-07-15T18:45:53 IST" duration-ms="838" status="PASS">
          <params>
            <param index="0">
              <value>
                <![CDATA[adminn]]>
              </value>
            </param>
            <param index="1">
              <value>
                <![CDATA[1234567]]>
              </value>
            </param>
          </params>
          <reporter-output>
          </reporter-output>
        </test-method> <!-- verifyUnsuccessfulLogin -->
        <test-method is-config="true" signature="afterMethod()[pri:0, instance:TestClasses.LoginPageTestClass@2663e964]" started-at="2025-07-15T18:45:53 IST" name="afterMethod" finished-at="2025-07-15T18:45:54 IST" duration-ms="457" status="PASS">
          <reporter-output>
          </reporter-output>
        </test-method> <!-- afterMethod -->
      </class> <!-- TestClasses.LoginPageTestClass -->
      <class name="TestClasses.TerminationTestClass">
        <test-method is-config="true" signature="beforeMethod()[pri:0, instance:TestClasses.TerminationTestClass@6f3187b0]" started-at="2025-07-15T18:45:04 IST" name="beforeMethod" finished-at="2025-07-15T18:45:07 IST" duration-ms="2563" status="PASS">
          <reporter-output>
          </reporter-output>
        </test-method> <!-- beforeMethod -->
        <test-method signature="verifyToAddTermination()[pri:11, instance:TestClasses.TerminationTestClass@6f3187b0]" started-at="2025-07-15T18:45:07 IST" name="verifyToAddTermination" finished-at="2025-07-15T18:45:21 IST" duration-ms="14267" status="PASS">
          <reporter-output>
          </reporter-output>
        </test-method> <!-- verifyToAddTermination -->
        <test-method is-config="true" signature="afterMethod()[pri:0, instance:TestClasses.TerminationTestClass@6f3187b0]" started-at="2025-07-15T18:45:21 IST" name="afterMethod" finished-at="2025-07-15T18:45:22 IST" duration-ms="549" status="PASS">
          <reporter-output>
          </reporter-output>
        </test-method> <!-- afterMethod -->
        <test-method is-config="true" signature="beforeMethod()[pri:0, instance:TestClasses.TerminationTestClass@6f3187b0]" started-at="2025-07-15T18:45:22 IST" name="beforeMethod" finished-at="2025-07-15T18:45:24 IST" duration-ms="2298" status="PASS">
          <reporter-output>
          </reporter-output>
        </test-method> <!-- beforeMethod -->
        <test-method signature="verifyToDeleteTermination()[pri:12, instance:TestClasses.TerminationTestClass@6f3187b0]" started-at="2025-07-15T18:45:24 IST" name="verifyToDeleteTermination" finished-at="2025-07-15T18:45:33 IST" duration-ms="9227" status="PASS">
          <reporter-output>
          </reporter-output>
        </test-method> <!-- verifyToDeleteTermination -->
        <test-method is-config="true" signature="afterMethod()[pri:0, instance:TestClasses.TerminationTestClass@6f3187b0]" started-at="2025-07-15T18:45:33 IST" name="afterMethod" finished-at="2025-07-15T18:45:34 IST" duration-ms="412" status="PASS">
          <reporter-output>
          </reporter-output>
        </test-method> <!-- afterMethod -->
      </class> <!-- TestClasses.TerminationTestClass -->
      <class name="TestClasses.DashBoardTestClass">
        <test-method is-config="true" signature="beforeMethod()[pri:0, instance:TestClasses.DashBoardTestClass@48b67364]" started-at="2025-07-15T18:45:54 IST" name="beforeMethod" finished-at="2025-07-15T18:45:56 IST" duration-ms="2124" status="PASS">
          <reporter-output>
          </reporter-output>
        </test-method> <!-- beforeMethod -->
        <test-method signature="verifyPageTitle()[pri:3, instance:TestClasses.DashBoardTestClass@48b67364]" started-at="2025-07-15T18:45:56 IST" name="verifyPageTitle" finished-at="2025-07-15T18:46:02 IST" duration-ms="6027" status="PASS">
          <reporter-output>
          </reporter-output>
        </test-method> <!-- verifyPageTitle -->
        <test-method is-config="true" signature="afterMethod()[pri:0, instance:TestClasses.DashBoardTestClass@48b67364]" started-at="2025-07-15T18:46:02 IST" name="afterMethod" finished-at="2025-07-15T18:46:02 IST" duration-ms="384" status="PASS">
          <reporter-output>
          </reporter-output>
        </test-method> <!-- afterMethod -->
        <test-method is-config="true" signature="beforeMethod()[pri:0, instance:TestClasses.DashBoardTestClass@48b67364]" started-at="2025-07-15T18:46:02 IST" name="beforeMethod" finished-at="2025-07-15T18:46:05 IST" duration-ms="2525" status="PASS">
          <reporter-output>
          </reporter-output>
        </test-method> <!-- beforeMethod -->
        <test-method signature="verifyDashboardURL()[pri:4, instance:TestClasses.DashBoardTestClass@48b67364]" started-at="2025-07-15T18:46:05 IST" name="verifyDashboardURL" finished-at="2025-07-15T18:46:11 IST" duration-ms="6535" status="PASS">
          <reporter-output>
          </reporter-output>
        </test-method> <!-- verifyDashboardURL -->
        <test-method is-config="true" signature="afterMethod()[pri:0, instance:TestClasses.DashBoardTestClass@48b67364]" started-at="2025-07-15T18:46:11 IST" name="afterMethod" finished-at="2025-07-15T18:46:12 IST" duration-ms="372" status="PASS">
          <reporter-output>
          </reporter-output>
        </test-method> <!-- afterMethod -->
        <test-method is-config="true" signature="beforeMethod()[pri:0, instance:TestClasses.DashBoardTestClass@48b67364]" started-at="2025-07-15T18:46:12 IST" name="beforeMethod" finished-at="2025-07-15T18:46:14 IST" duration-ms="2347" status="PASS">
          <reporter-output>
          </reporter-output>
        </test-method> <!-- beforeMethod -->
        <test-method signature="verifyLogo()[pri:5, instance:TestClasses.DashBoardTestClass@48b67364]" started-at="2025-07-15T18:46:14 IST" name="verifyLogo" finished-at="2025-07-15T18:46:20 IST" duration-ms="5964" status="PASS">
          <reporter-output>
          </reporter-output>
        </test-method> <!-- verifyLogo -->
        <test-method is-config="true" signature="afterMethod()[pri:0, instance:TestClasses.DashBoardTestClass@48b67364]" started-at="2025-07-15T18:46:20 IST" name="afterMethod" finished-at="2025-07-15T18:46:20 IST" duration-ms="329" status="PASS">
          <reporter-output>
          </reporter-output>
        </test-method> <!-- afterMethod -->
        <test-method is-config="true" signature="beforeMethod()[pri:0, instance:TestClasses.DashBoardTestClass@48b67364]" started-at="2025-07-15T18:46:20 IST" name="beforeMethod" finished-at="2025-07-15T18:46:23 IST" duration-ms="2603" status="PASS">
          <reporter-output>
          </reporter-output>
        </test-method> <!-- beforeMethod -->
        <test-method signature="verifySidebarMenuExpandsOnClick()[pri:6, instance:TestClasses.DashBoardTestClass@48b67364]" started-at="2025-07-15T18:46:23 IST" name="verifySidebarMenuExpandsOnClick" finished-at="2025-07-15T18:46:36 IST" duration-ms="13116" status="PASS">
          <reporter-output>
          </reporter-output>
        </test-method> <!-- verifySidebarMenuExpandsOnClick -->
        <test-method is-config="true" signature="afterMethod()[pri:0, instance:TestClasses.DashBoardTestClass@48b67364]" started-at="2025-07-15T18:46:36 IST" name="afterMethod" finished-at="2025-07-15T18:46:36 IST" duration-ms="429" status="PASS">
          <reporter-output>
          </reporter-output>
        </test-method> <!-- afterMethod -->
        <test-method is-config="true" signature="beforeMethod()[pri:0, instance:TestClasses.DashBoardTestClass@48b67364]" started-at="2025-07-15T18:46:36 IST" name="beforeMethod" finished-at="2025-07-15T18:46:39 IST" duration-ms="2641" status="PASS">
          <reporter-output>
          </reporter-output>
        </test-method> <!-- beforeMethod -->
        <test-method signature="verifyDashboardMenuExpandsOnClick()[pri:7, instance:TestClasses.DashBoardTestClass@48b67364]" started-at="2025-07-15T18:46:39 IST" name="verifyDashboardMenuExpandsOnClick" finished-at="2025-07-15T18:46:49 IST" duration-ms="10323" status="PASS">
          <reporter-output>
          </reporter-output>
        </test-method> <!-- verifyDashboardMenuExpandsOnClick -->
        <test-method is-config="true" signature="afterMethod()[pri:0, instance:TestClasses.DashBoardTestClass@48b67364]" started-at="2025-07-15T18:46:49 IST" name="afterMethod" finished-at="2025-07-15T18:46:50 IST" duration-ms="341" status="PASS">
          <reporter-output>
          </reporter-output>
        </test-method> <!-- afterMethod -->
        <test-method is-config="true" signature="beforeMethod()[pri:0, instance:TestClasses.DashBoardTestClass@48b67364]" started-at="2025-07-15T18:46:50 IST" name="beforeMethod" finished-at="2025-07-15T18:46:52 IST" duration-ms="2529" status="PASS">
          <reporter-output>
          </reporter-output>
        </test-method> <!-- beforeMethod -->
        <test-method signature="verifyTheTooltipTerminationIsShowingWhileHoveringMouseOnElement()[pri:8, instance:TestClasses.DashBoardTestClass@48b67364]" started-at="2025-07-15T18:46:52 IST" name="verifyTheTooltipTerminationIsShowingWhileHoveringMouseOnElement" finished-at="2025-07-15T18:47:00 IST" duration-ms="7295" status="PASS">
          <reporter-output>
          </reporter-output>
        </test-method> <!-- verifyTheTooltipTerminationIsShowingWhileHoveringMouseOnElement -->
        <test-method is-config="true" signature="afterMethod()[pri:0, instance:TestClasses.DashBoardTestClass@48b67364]" started-at="2025-07-15T18:47:00 IST" name="afterMethod" finished-at="2025-07-15T18:47:00 IST" duration-ms="414" status="PASS">
          <reporter-output>
          </reporter-output>
        </test-method> <!-- afterMethod -->
      </class> <!-- TestClasses.DashBoardTestClass -->
      <class name="TestClasses.TaskTestClass">
        <test-method is-config="true" signature="createReport()[pri:0, instance:TestClasses.TaskTestClass@74f6c5d8]" started-at="2025-07-15T18:44:29 IST" name="createReport" finished-at="2025-07-15T18:44:29 IST" duration-ms="20" status="PASS">
          <reporter-output>
          </reporter-output>
        </test-method> <!-- createReport -->
        <test-method is-config="true" signature="beforeMethod()[pri:0, instance:TestClasses.TaskTestClass@74f6c5d8]" started-at="2025-07-15T18:44:29 IST" name="beforeMethod" finished-at="2025-07-15T18:44:34 IST" duration-ms="4685" status="PASS">
          <reporter-output>
          </reporter-output>
        </test-method> <!-- beforeMethod -->
        <test-method signature="verifyToImportTask()[pri:9, instance:TestClasses.TaskTestClass@74f6c5d8]" started-at="2025-07-15T18:44:34 IST" name="verifyToImportTask" finished-at="2025-07-15T18:44:46 IST" duration-ms="12306" status="PASS">
          <reporter-output>
          </reporter-output>
        </test-method> <!-- verifyToImportTask -->
        <test-method is-config="true" signature="afterMethod()[pri:0, instance:TestClasses.TaskTestClass@74f6c5d8]" started-at="2025-07-15T18:44:46 IST" name="afterMethod" finished-at="2025-07-15T18:44:47 IST" duration-ms="389" status="PASS">
          <reporter-output>
          </reporter-output>
        </test-method> <!-- afterMethod -->
        <test-method is-config="true" signature="beforeMethod()[pri:0, instance:TestClasses.TaskTestClass@74f6c5d8]" started-at="2025-07-15T18:44:47 IST" name="beforeMethod" finished-at="2025-07-15T18:44:49 IST" duration-ms="2633" status="PASS">
          <reporter-output>
          </reporter-output>
        </test-method> <!-- beforeMethod -->
        <test-method signature="verifyToCreateNewTask()[pri:10, instance:TestClasses.TaskTestClass@74f6c5d8]" started-at="2025-07-15T18:44:49 IST" name="verifyToCreateNewTask" finished-at="2025-07-15T18:45:04 IST" duration-ms="14754" status="PASS">
          <reporter-output>
          </reporter-output>
        </test-method> <!-- verifyToCreateNewTask -->
        <test-method is-config="true" signature="afterMethod()[pri:0, instance:TestClasses.TaskTestClass@74f6c5d8]" started-at="2025-07-15T18:45:04 IST" name="afterMethod" finished-at="2025-07-15T18:45:04 IST" duration-ms="356" status="PASS">
          <reporter-output>
          </reporter-output>
        </test-method> <!-- afterMethod -->
      </class> <!-- TestClasses.TaskTestClass -->
    </test> <!-- Test -->
  </suite> <!-- TestSuite -->
</testng-results>
